This is pdfTeX, Version 3.141592653-2.6-1.40.27 (TeX Live 2025) (preloaded format=pdflatex 2025.11.16)  10 APR 2026 23:54
entering extended mode
 restricted \write18 enabled.
 %&-line parsing enabled.
**report.tex
(./report.tex
LaTeX2e <2024-11-01> patch level 2
L3 programming layer <2025-01-18>
(/usr/local/texlive/2025basic/texmf-dist/tex/latex/base/article.cls
Document Class: article 2024/06/29 v1.4n Standard LaTeX document class
(/usr/local/texlive/2025basic/texmf-dist/tex/latex/base/size12.clo
File: size12.clo 2024/06/29 v1.4n Standard LaTeX file (size option)
)
\c@part=\count196
\c@section=\count197
\c@subsection=\count198
\c@subsubsection=\count199
\c@paragraph=\count266
\c@subparagraph=\count267
\c@figure=\count268
\c@table=\count269
\abovecaptionskip=\skip49
\belowcaptionskip=\skip50
\bibindent=\dimen141
)
(/usr/local/texlive/2025basic/texmf-dist/tex/latex/base/inputenc.sty
Package: inputenc 2024/02/08 v1.3d Input encoding file
\inpenc@prehook=\toks17
\inpenc@posthook=\toks18
)
(/usr/local/texlive/2025basic/texmf-dist/tex/latex/base/fontenc.sty
Package: fontenc 2021/04/29 v2.0v Standard LaTeX package
)
(/usr/local/texlive/2025basic/texmf-dist/tex/latex/graphics/graphicx.sty
Package: graphicx 2021/09/16 v1.2d Enhanced LaTeX Graphics (DPC,SPQR)

(/usr/local/texlive/2025basic/texmf-dist/tex/latex/graphics/keyval.sty
Package: keyval 2022/05/29 v1.15 key=value parser (DPC)
\KV@toks@=\toks19
)
(/usr/local/texlive/2025basic/texmf-dist/tex/latex/graphics/graphics.sty
Package: graphics 2024/08/06 v1.4g Standard LaTeX Graphics (DPC,SPQR)

(/usr/local/texlive/2025basic/texmf-dist/tex/latex/graphics/trig.sty
Package: trig 2023/12/02 v1.11 sin cos tan (DPC)
)
(/usr/local/texlive/2025basic/texmf-dist/tex/latex/graphics-cfg/graphics.cfg
File: graphics.cfg 2016/06/04 v1.11 sample graphics configuration
)
Package graphics Info: Driver file: pdftex.def on input line 106.

(/usr/local/texlive/2025basic/texmf-dist/tex/latex/graphics-def/pdftex.def
File: pdftex.def 2024/04/13 v1.2c Graphics/color driver for pdftex
))
\Gin@req@height=\dimen142
\Gin@req@width=\dimen143
)
(/usr/local/texlive/2025basic/texmf-dist/tex/latex/amsmath/amsmath.sty
Package: amsmath 2024/11/05 v2.17t AMS math features
\@mathmargin=\skip51

For additional information on amsmath, use the `?' option.
(/usr/local/texlive/2025basic/texmf-dist/tex/latex/amsmath/amstext.sty
Package: amstext 2021/08/26 v2.01 AMS text

(/usr/local/texlive/2025basic/texmf-dist/tex/latex/amsmath/amsgen.sty
File: amsgen.sty 1999/11/30 v2.0 generic functions
\@emptytoks=\toks20
\ex@=\dimen144
))
(/usr/local/texlive/2025basic/texmf-dist/tex/latex/amsmath/amsbsy.sty
Package: amsbsy 1999/11/29 v1.2d Bold Symbols
\pmbraise@=\dimen145
)
(/usr/local/texlive/2025basic/texmf-dist/tex/latex/amsmath/amsopn.sty
Package: amsopn 2022/04/08 v2.04 operator names
)
\inf@bad=\count270
LaTeX Info: Redefining \frac on input line 233.
\uproot@=\count271
\leftroot@=\count272
LaTeX Info: Redefining \overline on input line 398.
LaTeX Info: Redefining \colon on input line 409.
\classnum@=\count273
\DOTSCASE@=\count274
LaTeX Info: Redefining \ldots on input line 495.
LaTeX Info: Redefining \dots on input line 498.
LaTeX Info: Redefining \cdots on input line 619.
\Mathstrutbox@=\box52
\strutbox@=\box53
LaTeX Info: Redefining \big on input line 721.
LaTeX Info: Redefining \Big on input line 722.
LaTeX Info: Redefining \bigg on input line 723.
LaTeX Info: Redefining \Bigg on input line 724.
\big@size=\dimen146
LaTeX Font Info:    Redeclaring font encoding OML on input line 742.
LaTeX Font Info:    Redeclaring font encoding OMS on input line 743.
\macc@depth=\count275
LaTeX Info: Redefining \bmod on input line 904.
LaTeX Info: Redefining \pmod on input line 909.
LaTeX Info: Redefining \smash on input line 939.
LaTeX Info: Redefining \relbar on input line 969.
LaTeX Info: Redefining \Relbar on input line 970.
\c@MaxMatrixCols=\count276
\dotsspace@=\muskip17
\c@parentequation=\count277
\dspbrk@lvl=\count278
\tag@help=\toks21
\row@=\count279
\column@=\count280
\maxfields@=\count281
\andhelp@=\toks22
\eqnshift@=\dimen147
\alignsep@=\dimen148
\tagshift@=\dimen149
\tagwidth@=\dimen150
\totwidth@=\dimen151
\lineht@=\dimen152
\@envbody=\toks23
\multlinegap=\skip52
\multlinetaggap=\skip53
\mathdisplay@stack=\toks24
LaTeX Info: Redefining \[ on input line 2953.
LaTeX Info: Redefining \] on input line 2954.
)
(/usr/local/texlive/2025basic/texmf-dist/tex/latex/amsfonts/amssymb.sty
Package: amssymb 2013/01/14 v3.01 AMS font symbols

(/usr/local/texlive/2025basic/texmf-dist/tex/latex/amsfonts/amsfonts.sty
Package: amsfonts 2013/01/14 v3.01 Basic AMSFonts support
\symAMSa=\mathgroup4
\symAMSb=\mathgroup5
LaTeX Font Info:    Redeclaring math symbol \hbar on input line 98.
LaTeX Font Info:    Overwriting math alphabet `\mathfrak' in version `bold'
(Font)                  U/euf/m/n --> U/euf/b/n on input line 106.
))
(/usr/local/texlive/2025basic/texmf-dist/tex/latex/booktabs/booktabs.sty
Package: booktabs 2020/01/12 v1.61803398 Publication quality tables
\heavyrulewidth=\dimen153
\lightrulewidth=\dimen154
\cmidrulewidth=\dimen155
\belowrulesep=\dimen156
\belowbottomsep=\dimen157
\aboverulesep=\dimen158
\abovetopsep=\dimen159
\cmidrulesep=\dimen160
\cmidrulekern=\dimen161
\defaultaddspace=\dimen162
\@cmidla=\count282
\@cmidlb=\count283
\@aboverulesep=\dimen163
\@belowrulesep=\dimen164
\@thisruleclass=\count284
\@lastruleclass=\count285
\@thisrulewidth=\dimen165
)
(/usr/local/texlive/2025basic/texmf-dist/tex/latex/float/float.sty
Package: float 2001/11/08 v1.3d Float enhancements (AL)
\c@float@type=\count286
\float@exts=\toks25
\float@box=\box54
\@float@everytoks=\toks26
\@floatcapt=\box55
)
(/usr/local/texlive/2025basic/texmf-dist/tex/latex/geometry/geometry.sty
Package: geometry 2020/01/02 v5.9 Page Geometry

(/usr/local/texlive/2025basic/texmf-dist/tex/generic/iftex/ifvtex.sty
Package: ifvtex 2019/10/25 v1.7 ifvtex legacy package. Use iftex instead.

(/usr/local/texlive/2025basic/texmf-dist/tex/generic/iftex/iftex.sty
Package: iftex 2024/12/12 v1.0g TeX engine tests
))
\Gm@cnth=\count287
\Gm@cntv=\count288
\c@Gm@tempcnt=\count289
\Gm@bindingoffset=\dimen166
\Gm@wd@mp=\dimen167
\Gm@odd@mp=\dimen168
\Gm@even@mp=\dimen169
\Gm@layoutwidth=\dimen170
\Gm@layoutheight=\dimen171
\Gm@layouthoffset=\dimen172
\Gm@layoutvoffset=\dimen173
\Gm@dimlist=\toks27
)
(/usr/local/texlive/2025basic/texmf-dist/tex/latex/setspace/setspace.sty
Package: setspace 2022/12/04 v6.7b set line spacing
)
(/usr/local/texlive/2025basic/texmf-dist/tex/latex/hyperref/hyperref.sty
Package: hyperref 2024-11-05 v7.01l Hypertext links for LaTeX

(/usr/local/texlive/2025basic/texmf-dist/tex/latex/kvsetkeys/kvsetkeys.sty
Package: kvsetkeys 2022-10-05 v1.19 Key value parser (HO)
)
(/usr/local/texlive/2025basic/texmf-dist/tex/generic/kvdefinekeys/kvdefinekeys.
sty
Package: kvdefinekeys 2019-12-19 v1.6 Define keys (HO)
)
(/usr/local/texlive/2025basic/texmf-dist/tex/generic/pdfescape/pdfescape.sty
Package: pdfescape 2019/12/09 v1.15 Implements pdfTeX's escape features (HO)

(/usr/local/texlive/2025basic/texmf-dist/tex/generic/ltxcmds/ltxcmds.sty
Package: ltxcmds 2023-12-04 v1.26 LaTeX kernel commands for general use (HO)
)
(/usr/local/texlive/2025basic/texmf-dist/tex/generic/pdftexcmds/pdftexcmds.sty
Package: pdftexcmds 2020-06-27 v0.33 Utility functions of pdfTeX for LuaTeX (HO
)

(/usr/local/texlive/2025basic/texmf-dist/tex/generic/infwarerr/infwarerr.sty
Package: infwarerr 2019/12/03 v1.5 Providing info/warning/error messages (HO)
)
Package pdftexcmds Info: \pdf@primitive is available.
Package pdftexcmds Info: \pdf@ifprimitive is available.
Package pdftexcmds Info: \pdfdraftmode found.
)) (/usr/local/texlive/2025basic/texmf-dist/tex/latex/hycolor/hycolor.sty
Package: hycolor 2020-01-27 v1.10 Color options for hyperref/bookmark (HO)
)
(/usr/local/texlive/2025basic/texmf-dist/tex/latex/hyperref/nameref.sty
Package: nameref 2023-11-26 v2.56 Cross-referencing by name of section

(/usr/local/texlive/2025basic/texmf-dist/tex/latex/refcount/refcount.sty
Package: refcount 2019/12/15 v3.6 Data extraction from label references (HO)
)
(/usr/local/texlive/2025basic/texmf-dist/tex/generic/gettitlestring/gettitlestr
ing.sty
Package: gettitlestring 2019/12/15 v1.6 Cleanup title references (HO)

(/usr/local/texlive/2025basic/texmf-dist/tex/latex/kvoptions/kvoptions.sty
Package: kvoptions 2022-06-15 v3.15 Key value format for package options (HO)
))
\c@section@level=\count290
)
(/usr/local/texlive/2025basic/texmf-dist/tex/latex/etoolbox/etoolbox.sty
Package: etoolbox 2025/02/11 v2.5l e-TeX tools for LaTeX (JAW)
\etb@tempcnta=\count291
)
(/usr/local/texlive/2025basic/texmf-dist/tex/generic/stringenc/stringenc.sty
Package: stringenc 2019/11/29 v1.12 Convert strings between diff. encodings (HO
)
)
\@linkdim=\dimen174
\Hy@linkcounter=\count292
\Hy@pagecounter=\count293

(/usr/local/texlive/2025basic/texmf-dist/tex/latex/hyperref/pd1enc.def
File: pd1enc.def 2024-11-05 v7.01l Hyperref: PDFDocEncoding definition (HO)
Now handling font encoding PD1 ...
... no UTF-8 mapping file for font encoding PD1
)
(/usr/local/texlive/2025basic/texmf-dist/tex/generic/intcalc/intcalc.sty
Package: intcalc 2019/12/15 v1.3 Expandable calculations with integers (HO)
)
\Hy@SavedSpaceFactor=\count294

(/usr/local/texlive/2025basic/texmf-dist/tex/latex/hyperref/puenc.def
File: puenc.def 2024-11-05 v7.01l Hyperref: PDF Unicode definition (HO)
Now handling font encoding PU ...
... no UTF-8 mapping file for font encoding PU
)
Package hyperref Info: Hyper figures OFF on input line 4157.
Package hyperref Info: Link nesting OFF on input line 4162.
Package hyperref Info: Hyper index ON on input line 4165.
Package hyperref Info: Plain pages OFF on input line 4172.
Package hyperref Info: Backreferencing OFF on input line 4177.
Package hyperref Info: Implicit mode ON; LaTeX internals redefined.
Package hyperref Info: Bookmarks ON on input line 4424.
\c@Hy@tempcnt=\count295

(/usr/local/texlive/2025basic/texmf-dist/tex/latex/url/url.sty
\Urlmuskip=\muskip18
Package: url 2013/09/16  ver 3.4  Verb mode for urls, etc.
)
LaTeX Info: Redefining \url on input line 4763.
\XeTeXLinkMargin=\dimen175

(/usr/local/texlive/2025basic/texmf-dist/tex/generic/bitset/bitset.sty
Package: bitset 2019/12/09 v1.3 Handle bit-vector datatype (HO)

(/usr/local/texlive/2025basic/texmf-dist/tex/generic/bigintcalc/bigintcalc.sty
Package: bigintcalc 2019/12/15 v1.5 Expandable calculations on big integers (HO
)
))
\Fld@menulength=\count296
\Field@Width=\dimen176
\Fld@charsize=\dimen177
Package hyperref Info: Hyper figures OFF on input line 6042.
Package hyperref Info: Link nesting OFF on input line 6047.
Package hyperref Info: Hyper index ON on input line 6050.
Package hyperref Info: backreferencing OFF on input line 6057.
Package hyperref Info: Link coloring OFF on input line 6062.
Package hyperref Info: Link coloring with OCG OFF on input line 6067.
Package hyperref Info: PDF/A mode OFF on input line 6072.
 (/usr/local/texlive/2025basic/texmf-dist/tex/latex/base/atbegshi-ltx.sty
Package: atbegshi-ltx 2021/01/10 v1.0c Emulation of the original atbegshi
package with kernel methods
)
\Hy@abspage=\count297
\c@Item=\count298
\c@Hfootnote=\count299
)
Package hyperref Info: Driver (autodetected): hpdftex.

(/usr/local/texlive/2025basic/texmf-dist/tex/latex/hyperref/hpdftex.def
File: hpdftex.def 2024-11-05 v7.01l Hyperref driver for pdfTeX

(/usr/local/texlive/2025basic/texmf-dist/tex/latex/base/atveryend-ltx.sty
Package: atveryend-ltx 2020/08/19 v1.0a Emulation of the original atveryend pac
kage
with kernel methods
)
\Fld@listcount=\count300
\c@bookmark@seq@number=\count301

(/usr/local/texlive/2025basic/texmf-dist/tex/latex/rerunfilecheck/rerunfilechec
k.sty
Package: rerunfilecheck 2022-07-10 v1.10 Rerun checks for auxiliary files (HO)

(/usr/local/texlive/2025basic/texmf-dist/tex/generic/uniquecounter/uniquecounte
r.sty
Package: uniquecounter 2019/12/15 v1.4 Provide unlimited unique counter (HO)
)
Package uniquecounter Info: New unique counter `rerunfilecheck' on input line 2
85.
)
\Hy@SectionHShift=\skip54
) (/usr/local/texlive/2025basic/texmf-dist/tex/latex/caption/caption.sty
Package: caption 2023/08/05 v3.6o Customizing captions (AR)
(/usr/local/texlive/2025basic/texmf-dist/tex/latex/caption/caption3.sty
Package: caption3 2023/07/31 v2.4d caption3 kernel (AR)
\caption@tempdima=\dimen178
\captionmargin=\dimen179
\caption@leftmargin=\dimen180
\caption@rightmargin=\dimen181
\caption@width=\dimen182
\caption@indent=\dimen183
\caption@parindent=\dimen184
\caption@hangindent=\dimen185
Package caption Info: Standard document class detected.
)
\c@caption@flags=\count302
\c@continuedfloat=\count303
Package caption Info: float package is loaded.
Package caption Info: hyperref package is loaded.
)
(/usr/local/texlive/2025basic/texmf-dist/tex/latex/caption/subcaption.sty
Package: subcaption 2023/07/28 v1.6b Sub-captions (AR)
Package caption Info: New subtype `subfigure' on input line 238.
\c@subfigure=\count304
Package caption Info: New subtype `subtable' on input line 238.
\c@subtable=\count305
)
(/usr/local/texlive/2025basic/texmf-dist/tex/latex/xcolor/xcolor.sty
Package: xcolor 2024/09/29 v3.02 LaTeX color extensions (UK)

(/usr/local/texlive/2025basic/texmf-dist/tex/latex/graphics-cfg/color.cfg
File: color.cfg 2016/01/02 v1.6 sample color configuration
)
Package xcolor Info: Driver file: pdftex.def on input line 274.

(/usr/local/texlive/2025basic/texmf-dist/tex/latex/graphics/mathcolor.ltx)
Package xcolor Info: Model `cmy' substituted by `cmy0' on input line 1349.
Package xcolor Info: Model `hsb' substituted by `rgb' on input line 1353.
Package xcolor Info: Model `RGB' extended on input line 1365.
Package xcolor Info: Model `HTML' substituted by `rgb' on input line 1367.
Package xcolor Info: Model `Hsb' substituted by `hsb' on input line 1368.
Package xcolor Info: Model `tHsb' substituted by `hsb' on input line 1369.
Package xcolor Info: Model `HSB' substituted by `hsb' on input line 1370.
Package xcolor Info: Model `Gray' substituted by `gray' on input line 1371.
Package xcolor Info: Model `wave' substituted by `hsb' on input line 1372.
)
(/usr/local/texlive/2025basic/texmf-dist/tex/latex/enumitem/enumitem.sty
Package: enumitem 2025/02/06 v3.11 Customized lists
\labelindent=\skip55
\enit@outerparindent=\dimen186
\enit@toks=\toks28
\enit@inbox=\box56
\enit@count@id=\count306
\enitdp@description=\count307
)
(/usr/local/texlive/2025basic/texmf-dist/tex/latex/titlesec/titlesec.sty
Package: titlesec 2025/01/04 v2.17 Sectioning titles
\ttl@box=\box57
\beforetitleunit=\skip56
\aftertitleunit=\skip57
\ttl@plus=\dimen187
\ttl@minus=\dimen188
\ttl@toksa=\toks29
\titlewidth=\dimen189
\titlewidthlast=\dimen190
\titlewidthfirst=\dimen191
)
(/usr/local/texlive/2025basic/texmf-dist/tex/latex/fancyhdr/fancyhdr.sty
Package: fancyhdr 2025/02/07 v5.2 Extensive control of page headers and footers

\f@nch@headwidth=\skip58
\f@nch@offset@elh=\skip59
\f@nch@offset@erh=\skip60
\f@nch@offset@olh=\skip61
\f@nch@offset@orh=\skip62
\f@nch@offset@elf=\skip63
\f@nch@offset@erf=\skip64
\f@nch@offset@olf=\skip65
\f@nch@offset@orf=\skip66
\f@nch@height=\skip67
\f@nch@footalignment=\skip68
\f@nch@widthL=\skip69
\f@nch@widthC=\skip70
\f@nch@widthR=\skip71
\@temptokenb=\toks30
)
(/usr/local/texlive/2025basic/texmf-dist/tex/latex/tools/tabularx.sty
Package: tabularx 2023/12/11 v2.12a `tabularx' package (DPC)

(/usr/local/texlive/2025basic/texmf-dist/tex/latex/tools/array.sty
Package: array 2024/10/17 v2.6g Tabular extension package (FMi)
\col@sep=\dimen192
\ar@mcellbox=\box58
\extrarowheight=\dimen193
\NC@list=\toks31
\extratabsurround=\skip72
\backup@length=\skip73
\ar@cellbox=\box59
)
\TX@col@width=\dimen194
\TX@old@table=\dimen195
\TX@old@col=\dimen196
\TX@target=\dimen197
\TX@delta=\dimen198
\TX@cols=\count308
\TX@ftn=\toks32
)
(/usr/local/texlive/2025basic/texmf-dist/tex/latex/multirow/multirow.sty
Package: multirow 2024/11/12 v2.9 Span multiple rows of a table
\multirow@colwidth=\skip74
\multirow@cntb=\count309
\multirow@dima=\skip75
\bigstrutjot=\dimen199
)
(/usr/local/texlive/2025basic/texmf-dist/tex/latex/parskip/parskip.sty
Package: parskip 2021-03-14 v2.0h non-zero parskip adjustments
)
Package hyperref Info: Option `colorlinks' set `true' on input line 35.

(/usr/local/texlive/2025basic/texmf-dist/tex/latex/l3backend/l3backend-pdftex.d
ef
File: l3backend-pdftex.def 2024-05-08 L3 backend support: PDF output (pdfTeX)
\l__color_backend_stack_int=\count310
\l__pdf_internal_box=\box60
) (./report.aux)
\openout1 = `report.aux'.

LaTeX Font Info:    Checking defaults for OML/cmm/m/it on input line 46.
LaTeX Font Info:    ... okay on input line 46.
LaTeX Font Info:    Checking defaults for OMS/cmsy/m/n on input line 46.
LaTeX Font Info:    ... okay on input line 46.
LaTeX Font Info:    Checking defaults for OT1/cmr/m/n on input line 46.
LaTeX Font Info:    ... okay on input line 46.
LaTeX Font Info:    Checking defaults for T1/cmr/m/n on input line 46.
LaTeX Font Info:    ... okay on input line 46.
LaTeX Font Info:    Checking defaults for TS1/cmr/m/n on input line 46.
LaTeX Font Info:    ... okay on input line 46.
LaTeX Font Info:    Checking defaults for OMX/cmex/m/n on input line 46.
LaTeX Font Info:    ... okay on input line 46.
LaTeX Font Info:    Checking defaults for U/cmr/m/n on input line 46.
LaTeX Font Info:    ... okay on input line 46.
LaTeX Font Info:    Checking defaults for PD1/pdf/m/n on input line 46.
LaTeX Font Info:    ... okay on input line 46.
LaTeX Font Info:    Checking defaults for PU/pdf/m/n on input line 46.
LaTeX Font Info:    ... okay on input line 46.

(/usr/local/texlive/2025basic/texmf-dist/tex/context/base/mkii/supp-pdf.mkii
[Loading MPS to PDF converter (version 2006.09.02).]
\scratchcounter=\count311
\scratchdimen=\dimen256
\scratchbox=\box61
\nofMPsegments=\count312
\nofMParguments=\count313
\everyMPshowfont=\toks33
\MPscratchCnt=\count314
\MPscratchDim=\dimen257
\MPnumerator=\count315
\makeMPintoPDFobject=\count316
\everyMPtoPDFconversion=\toks34
)
(/usr/local/texlive/2025basic/texmf-dist/tex/latex/epstopdf-pkg/epstopdf-base.s
ty
Package: epstopdf-base 2020-01-24 v2.11 Base part for package epstopdf
Package epstopdf-base Info: Redefining graphics rule for `.eps' on input line 4
85.

(/usr/local/texlive/2025basic/texmf-dist/tex/latex/latexconfig/epstopdf-sys.cfg
File: epstopdf-sys.cfg 2010/07/13 v1.3 Configuration of (r)epstopdf for TeX Liv
e
))
*geometry* driver: auto-detecting
*geometry* detected driver: pdftex
*geometry* verbose mode - [ preamble ] result:
* driver: pdftex
* paper: a4paper
* layout: <same size as paper>
* layoutoffset:(h,v)=(0.0pt,0.0pt)
* modes: 
* h-part:(L,W,R)=(72.26999pt, 452.9679pt, 72.26999pt)
* v-part:(T,H,B)=(72.26999pt, 700.50687pt, 72.26999pt)
* \paperwidth=597.50787pt
* \paperheight=845.04684pt
* \textwidth=452.9679pt
* \textheight=700.50687pt
* \oddsidemargin=0.0pt
* \evensidemargin=0.0pt
* \topmargin=-37.0pt
* \headheight=12.0pt
* \headsep=25.0pt
* \topskip=12.0pt
* \footskip=30.0pt
* \marginparwidth=35.0pt
* \marginparsep=10.0pt
* \columnsep=10.0pt
* \skip\footins=10.8pt plus 4.0pt minus 2.0pt
* \hoffset=0.0pt
* \voffset=0.0pt
* \mag=1000
* \@twocolumnfalse
* \@twosidefalse
* \@mparswitchfalse
* \@reversemarginfalse
* (1in=72.27pt=25.4mm, 1cm=28.453pt)

Package hyperref Info: Link coloring ON on input line 46.
(./report.out) (./report.out)
\@outlinefile=\write3
\openout3 = `report.out'.

Package caption Info: Begin \AtBeginDocument code.
Package caption Info: End \AtBeginDocument code.
<../Images/iitd_logo.jpeg, id=168, 1204.5pt x 1204.5pt>
File: ../Images/iitd_logo.jpeg Graphic file (type jpg)
<use ../Images/iitd_logo.jpeg>
Package pdftex.def Info: ../Images/iitd_logo.jpeg  used on input line 56.
(pdftex.def)             Requested size: 99.57832pt x 99.58464pt.
LaTeX Font Info:    Trying to load font information for U+msa on input line 78.


(/usr/local/texlive/2025basic/texmf-dist/tex/latex/amsfonts/umsa.fd
File: umsa.fd 2013/01/14 v3.01 AMS symbols A
)
LaTeX Font Info:    Trying to load font information for U+msb on input line 78.


(/usr/local/texlive/2025basic/texmf-dist/tex/latex/amsfonts/umsb.fd
File: umsb.fd 2013/01/14 v3.01 AMS symbols B
)

[1

{/usr/local/texlive/2025basic/texmf-var/fonts/map/pdftex/updmap/pdftex.map} <..
/Images/iitd_logo.jpeg>] (./report.toc


Package fancyhdr Warning: \headheight is too small (12.0pt): 
(fancyhdr)                Make it at least 13.59999pt, for example:
(fancyhdr)                \setlength{\headheight}{13.59999pt}.
(fancyhdr)                You might also make \topmargin smaller:
(fancyhdr)                \addtolength{\topmargin}{-1.59999pt}.


pdfTeX warning (ext4): destination with the same identifier (name{page.1}) has 
been already used, duplicate ignored
<to be read again> 
                   \relax 
l.35 ...{\numberline {7}Discussion}{19}{section.7}
                                                  % [1])
\tf@toc=\write4
\openout4 = `report.toc'.




Package fancyhdr Warning: \headheight is too small (12.0pt): 
(fancyhdr)                Make it at least 13.59999pt, for example:
(fancyhdr)                \setlength{\headheight}{13.59999pt}.
(fancyhdr)                You might also make \topmargin smaller:
(fancyhdr)                \addtolength{\topmargin}{-1.59999pt}.

[2]


Package fancyhdr Warning: \headheight is too small (12.0pt): 
(fancyhdr)                Make it at least 13.59999pt, for example:
(fancyhdr)                \setlength{\headheight}{13.59999pt}.
(fancyhdr)                You might also make \topmargin smaller:
(fancyhdr)                \addtolength{\topmargin}{-1.59999pt}.

[3]
<../Images/1.jpeg, id=237, 1606.0pt x 722.7pt>
File: ../Images/1.jpeg Graphic file (type jpg)
<use ../Images/1.jpeg>
Package pdftex.def Info: ../Images/1.jpeg  used on input line 136.
(pdftex.def)             Requested size: 217.41328pt x 170.71672pt.
<../Images/4.jpeg, id=238, 578.16pt x 1284.8pt>
File: ../Images/4.jpeg Graphic file (type jpg)
<use ../Images/4.jpeg>
Package pdftex.def Info: ../Images/4.jpeg  used on input line 141.
(pdftex.def)             Requested size: 217.41818pt x 170.7155pt.
<../Images/8.jpeg, id=240, 578.16pt x 1284.8pt>
File: ../Images/8.jpeg Graphic file (type jpg)
<use ../Images/8.jpeg>
Package pdftex.def Info: ../Images/8.jpeg  used on input line 155.
(pdftex.def)             Requested size: 144.94545pt x 142.24985pt.
<../Images/9.jpeg, id=241, 803.0pt x 1428.33624pt>
File: ../Images/9.jpeg Graphic file (type jpg)
<use ../Images/9.jpeg>
Package pdftex.def Info: ../Images/9.jpeg  used on input line 160.
(pdftex.def)             Requested size: 144.95035pt x 142.25352pt.
<../Images/13.jpeg, id=242, 803.0pt x 506.89375pt>
File: ../Images/13.jpeg Graphic file (type jpg)
<use ../Images/13.jpeg>
Package pdftex.def Info: ../Images/13.jpeg  used on input line 165.
(pdftex.def)             Requested size: 144.95035pt x 142.26187pt.
<../Images/2.jpeg, id=243, 722.7pt x 1606.0pt>
File: ../Images/2.jpeg Graphic file (type jpg)
<use ../Images/2.jpeg>
Package pdftex.def Info: ../Images/2.jpeg  used on input line 175.
(pdftex.def)             Requested size: 144.94545pt x 142.25475pt.
<../Images/10.jpeg, id=244, 803.0pt x 451.6875pt>
File: ../Images/10.jpeg Graphic file (type jpg)
<use ../Images/10.jpeg>
Package pdftex.def Info: ../Images/10.jpeg  used on input line 180.
(pdftex.def)             Requested size: 144.95035pt x 142.26163pt.
<../Images/11.jpeg, id=245, 803.0pt x 451.6875pt>
File: ../Images/11.jpeg Graphic file (type jpg)
<use ../Images/11.jpeg>
Package pdftex.def Info: ../Images/11.jpeg  used on input line 185.
(pdftex.def)             Requested size: 144.95035pt x 142.26163pt.



Package fancyhdr Warning: \headheight is too small (12.0pt): 
(fancyhdr)                Make it at least 13.59999pt, for example:
(fancyhdr)                \setlength{\headheight}{13.59999pt}.
(fancyhdr)                You might also make \topmargin smaller:
(fancyhdr)                \addtolength{\topmargin}{-1.59999pt}.

[4 <../Images/1.jpeg> <../Images/4.jpeg> <../Images/8.jpeg> <../Images/9.jpeg> 
<../Images/13.jpeg>]


Package fancyhdr Warning: \headheight is too small (12.0pt): 
(fancyhdr)                Make it at least 13.59999pt, for example:
(fancyhdr)                \setlength{\headheight}{13.59999pt}.
(fancyhdr)                You might also make \topmargin smaller:
(fancyhdr)                \addtolength{\topmargin}{-1.59999pt}.

[5 <../Images/2.jpeg> <../Images/10.jpeg> <../Images/11.jpeg>]


Package fancyhdr Warning: \headheight is too small (12.0pt): 
(fancyhdr)                Make it at least 13.59999pt, for example:
(fancyhdr)                \setlength{\headheight}{13.59999pt}.
(fancyhdr)                You might also make \topmargin smaller:
(fancyhdr)                \addtolength{\topmargin}{-1.59999pt}.

[6]
<../Images/Review 6.jpeg, id=270, 1284.8pt x 578.16pt>
File: ../Images/Review 6.jpeg Graphic file (type jpg)
<use ../Images/Review 6.jpeg>
Package pdftex.def Info: ../Images/Review 6.jpeg  used on input line 266.
(pdftex.def)             Requested size: 217.42265pt x 97.83597pt.
<../Images/Review 5.jpeg, id=271, 957.5775pt x 572.1375pt>
File: ../Images/Review 5.jpeg Graphic file (type jpg)
<use ../Images/Review 5.jpeg>
Package pdftex.def Info: ../Images/Review 5.jpeg  used on input line 271.
(pdftex.def)             Requested size: 217.42265pt x 129.90395pt.
<../Images/Review 3.jpeg, id=273, 1284.8pt x 579.16376pt>
File: ../Images/Review 3.jpeg Graphic file (type jpg)
<use ../Images/Review 3.jpeg>
Package pdftex.def Info: ../Images/Review 3.jpeg  used on input line 281.
(pdftex.def)             Requested size: 217.42265pt x 98.00583pt.
<../Images/Review 7.jpeg, id=274, 1284.8pt x 578.16pt>
File: ../Images/Review 7.jpeg Graphic file (type jpg)
<use ../Images/Review 7.jpeg>
Package pdftex.def Info: ../Images/Review 7.jpeg  used on input line 286.
(pdftex.def)             Requested size: 217.42265pt x 97.83597pt.



Package fancyhdr Warning: \headheight is too small (12.0pt): 
(fancyhdr)                Make it at least 13.59999pt, for example:
(fancyhdr)                \setlength{\headheight}{13.59999pt}.
(fancyhdr)                You might also make \topmargin smaller:
(fancyhdr)                \addtolength{\topmargin}{-1.59999pt}.

[7 <../Images/Review 6.jpeg> <../Images/Review 5.jpeg>]
<figures/01_age_distribution.png, id=286, 325.57635pt x 308.23155pt>
File: figures/01_age_distribution.png Graphic file (type png)
<use figures/01_age_distribution.png>
Package pdftex.def Info: figures/01_age_distribution.png  used on input line 30
5.
(pdftex.def)             Requested size: 217.42265pt x 205.84619pt.
<figures/02_income_distribution.png, id=287, 520.344pt x 284.7438pt>
File: figures/02_income_distribution.png Graphic file (type png)
<use figures/02_income_distribution.png>
Package pdftex.def Info: figures/02_income_distribution.png  used on input line
 310.
(pdftex.def)             Requested size: 217.42265pt x 118.97896pt.
<figures/03_visit_frequency.png, id=288, 441.93105pt x 298.11375pt>
File: figures/03_visit_frequency.png Graphic file (type png)
<use figures/03_visit_frequency.png>
Package pdftex.def Info: figures/03_visit_frequency.png  used on input line 321
.
(pdftex.def)             Requested size: 294.42636pt x 198.6207pt.



Package fancyhdr Warning: \headheight is too small (12.0pt): 
(fancyhdr)                Make it at least 13.59999pt, for example:
(fancyhdr)                \setlength{\headheight}{13.59999pt}.
(fancyhdr)                You might also make \topmargin smaller:
(fancyhdr)                \addtolength{\topmargin}{-1.59999pt}.

[8 <../Images/Review 3.jpeg> <../Images/Review 7.jpeg> <./figures/01_age_distri
bution.png> <./figures/02_income_distribution.png>]
<figures/04_aspects_valued.png, id=297, 557.2017pt x 312.56775pt>
File: figures/04_aspects_valued.png Graphic file (type png)
<use figures/04_aspects_valued.png>
Package pdftex.def Info: figures/04_aspects_valued.png  used on input line 332.

(pdftex.def)             Requested size: 339.72592pt x 190.57542pt.

Overfull \hbox (3.53453pt too wide) in paragraph at lines 337--338
[]\T1/cmr/m/n/12 The fact that ``Avail-abil-ity for fu-ture gen-er-a-tions'' wa
s se-lected by a third of all respondents-
 []




Package fancyhdr Warning: \headheight is too small (12.0pt): 
(fancyhdr)                Make it at least 13.59999pt, for example:
(fancyhdr)                \setlength{\headheight}{13.59999pt}.
(fancyhdr)                You might also make \topmargin smaller:
(fancyhdr)                \addtolength{\topmargin}{-1.59999pt}.

[9 <./figures/03_visit_frequency.png> <./figures/04_aspects_valued.png>]
<figures/05_wtp_pie.png, id=306, 366.04755pt x 308.23155pt>
File: figures/05_wtp_pie.png Graphic file (type png)
<use figures/05_wtp_pie.png>
Package pdftex.def Info: figures/05_wtp_pie.png  used on input line 347.
(pdftex.def)             Requested size: 249.13371pt x 209.7922pt.
<figures/06_wtp_amount_distribution.png, id=307, 413.74574pt x 312.56775pt>
File: figures/06_wtp_amount_distribution.png Graphic file (type png)
<use figures/06_wtp_amount_distribution.png>
Package pdftex.def Info: figures/06_wtp_amount_distribution.png  used on input 
line 358.
(pdftex.def)             Requested size: 294.42636pt x 222.43973pt.



Package fancyhdr Warning: \headheight is too small (12.0pt): 
(fancyhdr)                Make it at least 13.59999pt, for example:
(fancyhdr)                \setlength{\headheight}{13.59999pt}.
(fancyhdr)                You might also make \topmargin smaller:
(fancyhdr)                \addtolength{\topmargin}{-1.59999pt}.

[10 <./figures/05_wtp_pie.png> <./figures/06_wtp_amount_distribution.png>]
<figures/23_wtp_cdf.png, id=317, 448.7967pt x 340.3917pt>
File: figures/23_wtp_cdf.png Graphic file (type png)
<use figures/23_wtp_cdf.png>
Package pdftex.def Info: figures/23_wtp_cdf.png  used on input line 389.
(pdftex.def)             Requested size: 294.42636pt x 223.31396pt.
<figures/07_protest_bids.png, id=318, 397.84634pt x 308.23155pt>
File: figures/07_protest_bids.png Graphic file (type png)
<use figures/07_protest_bids.png>
Package pdftex.def Info: figures/07_protest_bids.png  used on input line 405.
(pdftex.def)             Requested size: 249.13371pt x 193.0158pt.



Package fancyhdr Warning: \headheight is too small (12.0pt): 
(fancyhdr)                Make it at least 13.59999pt, for example:
(fancyhdr)                \setlength{\headheight}{13.59999pt}.
(fancyhdr)                You might also make \topmargin smaller:
(fancyhdr)                \addtolength{\topmargin}{-1.59999pt}.

[11 <./figures/23_wtp_cdf.png>]
<figures/08_future_importance.png, id=328, 413.74574pt x 312.2064pt>
File: figures/08_future_importance.png Graphic file (type png)
<use figures/08_future_importance.png>
Package pdftex.def Info: figures/08_future_importance.png  used on input line 4
20.
(pdftex.def)             Requested size: 271.7835pt x 205.09456pt.
<figures/09_existence_value.png, id=329, 329.91255pt x 338.58495pt>
File: figures/09_existence_value.png Graphic file (type png)
<use figures/09_existence_value.png>
Package pdftex.def Info: figures/09_existence_value.png  used on input line 431
.
(pdftex.def)             Requested size: 249.13371pt x 255.68431pt.



Package fancyhdr Warning: \headheight is too small (12.0pt): 
(fancyhdr)                Make it at least 13.59999pt, for example:
(fancyhdr)                \setlength{\headheight}{13.59999pt}.
(fancyhdr)                You might also make \topmargin smaller:
(fancyhdr)                \addtolength{\topmargin}{-1.59999pt}.

[12 <./figures/07_protest_bids.png> <./figures/08_future_importance.png>]
<figures/20_nonuse_value_summary.png, id=340, 648.62325pt x 312.56775pt>
File: figures/20_nonuse_value_summary.png Graphic file (type png)
<use figures/20_nonuse_value_summary.png>
Package pdftex.def Info: figures/20_nonuse_value_summary.png  used on input lin
e 440.
(pdftex.def)             Requested size: 339.72592pt x 163.71896pt.



Package fancyhdr Warning: \headheight is too small (12.0pt): 
(fancyhdr)                Make it at least 13.59999pt, for example:
(fancyhdr)                \setlength{\headheight}{13.59999pt}.
(fancyhdr)                You might also make \topmargin smaller:
(fancyhdr)                \addtolength{\topmargin}{-1.59999pt}.

[13 <./figures/09_existence_value.png> <./figures/20_nonuse_value_summary.png>]
<figures/10_ecological_condition.png, id=349, 413.74574pt x 298.11375pt>
File: figures/10_ecological_condition.png Graphic file (type png)
<use figures/10_ecological_condition.png>
Package pdftex.def Info: figures/10_ecological_condition.png  used on input lin
e 451.
(pdftex.def)             Requested size: 271.7835pt x 195.8368pt.
<figures/11_transport_mode.png, id=350, 376.16534pt x 308.23155pt>
File: figures/11_transport_mode.png Graphic file (type png)
<use figures/11_transport_mode.png>
Package pdftex.def Info: figures/11_transport_mode.png  used on input line 465.

(pdftex.def)             Requested size: 217.42265pt x 178.1583pt.
<figures/12_travel_cost.png, id=351, 454.93965pt x 312.56775pt>
File: figures/12_travel_cost.png Graphic file (type png)
<use figures/12_travel_cost.png>
Package pdftex.def Info: figures/12_travel_cost.png  used on input line 470.
(pdftex.def)             Requested size: 217.42265pt x 149.3774pt.



Package fancyhdr Warning: \headheight is too small (12.0pt): 
(fancyhdr)                Make it at least 13.59999pt, for example:
(fancyhdr)                \setlength{\headheight}{13.59999pt}.
(fancyhdr)                You might also make \topmargin smaller:
(fancyhdr)                \addtolength{\topmargin}{-1.59999pt}.

[14 <./figures/10_ecological_condition.png> <./figures/11_transport_mode.png> <
./figures/12_travel_cost.png>]
<figures/13_travel_time.png, id=361, 441.93105pt x 312.56775pt>
File: figures/13_travel_time.png Graphic file (type png)
<use figures/13_travel_time.png>
Package pdftex.def Info: figures/13_travel_time.png  used on input line 486.
(pdftex.def)             Requested size: 217.42265pt x 153.77954pt.
<figures/14_sole_destination.png, id=362, 472.28445pt x 308.23155pt>
File: figures/14_sole_destination.png Graphic file (type png)
<use figures/14_sole_destination.png>
Package pdftex.def Info: figures/14_sole_destination.png  used on input line 49
1.
(pdftex.def)             Requested size: 217.42265pt x 141.8964pt.
<figures/19_consumer_surplus.png, id=364, 448.7967pt x 340.3917pt>
File: figures/19_consumer_surplus.png Graphic file (type png)
<use figures/19_consumer_surplus.png>
Package pdftex.def Info: figures/19_consumer_surplus.png  used on input line 50
4.
(pdftex.def)             Requested size: 317.07614pt x 240.49037pt.



Package fancyhdr Warning: \headheight is too small (12.0pt): 
(fancyhdr)                Make it at least 13.59999pt, for example:
(fancyhdr)                \setlength{\headheight}{13.59999pt}.
(fancyhdr)                You might also make \topmargin smaller:
(fancyhdr)                \addtolength{\topmargin}{-1.59999pt}.

[15 <./figures/13_travel_time.png> <./figures/14_sole_destination.png>]
<figures/15_income_vs_wtp.png, id=373, 441.93105pt x 325.9377pt>
File: figures/15_income_vs_wtp.png Graphic file (type png)
<use figures/15_income_vs_wtp.png>
Package pdftex.def Info: figures/15_income_vs_wtp.png  used on input line 534.
(pdftex.def)             Requested size: 294.42636pt x 217.15863pt.



Package fancyhdr Warning: \headheight is too small (12.0pt): 
(fancyhdr)                Make it at least 13.59999pt, for example:
(fancyhdr)                \setlength{\headheight}{13.59999pt}.
(fancyhdr)                You might also make \topmargin smaller:
(fancyhdr)                \addtolength{\topmargin}{-1.59999pt}.

[16 <./figures/19_consumer_surplus.png>]
<figures/16_age_vs_wtp.png, id=380, 441.93105pt x 325.9377pt>
File: figures/16_age_vs_wtp.png Graphic file (type png)
<use figures/16_age_vs_wtp.png>
Package pdftex.def Info: figures/16_age_vs_wtp.png  used on input line 545.
(pdftex.def)             Requested size: 294.42636pt x 217.15863pt.
<figures/17_amount_vs_income.png, id=382, 441.93105pt x 325.9377pt>
File: figures/17_amount_vs_income.png Graphic file (type png)
<use figures/17_amount_vs_income.png>
Package pdftex.def Info: figures/17_amount_vs_income.png  used on input line 55
6.
(pdftex.def)             Requested size: 294.42636pt x 217.15863pt.



Package fancyhdr Warning: \headheight is too small (12.0pt): 
(fancyhdr)                Make it at least 13.59999pt, for example:
(fancyhdr)                \setlength{\headheight}{13.59999pt}.
(fancyhdr)                You might also make \topmargin smaller:
(fancyhdr)                \addtolength{\topmargin}{-1.59999pt}.

[17 <./figures/15_income_vs_wtp.png> <./figures/16_age_vs_wtp.png>]
<figures/22_eco_vs_wtp.png, id=392, 413.74574pt x 325.9377pt>
File: figures/22_eco_vs_wtp.png Graphic file (type png)
<use figures/22_eco_vs_wtp.png>
Package pdftex.def Info: figures/22_eco_vs_wtp.png  used on input line 567.
(pdftex.def)             Requested size: 271.7835pt x 214.1149pt.



Package fancyhdr Warning: \headheight is too small (12.0pt): 
(fancyhdr)                Make it at least 13.59999pt, for example:
(fancyhdr)                \setlength{\headheight}{13.59999pt}.
(fancyhdr)                You might also make \topmargin smaller:
(fancyhdr)                \addtolength{\topmargin}{-1.59999pt}.

[18 <./figures/17_amount_vs_income.png> <./figures/22_eco_vs_wtp.png>]
<figures/21_total_economic_value.png, id=401, 441.93105pt x 377.9721pt>
File: figures/21_total_economic_value.png Graphic file (type png)
<use figures/21_total_economic_value.png>
Package pdftex.def Info: figures/21_total_economic_value.png  used on input lin
e 606.
(pdftex.def)             Requested size: 294.42636pt x 251.82698pt.



Package fancyhdr Warning: \headheight is too small (12.0pt): 
(fancyhdr)                Make it at least 13.59999pt, for example:
(fancyhdr)                \setlength{\headheight}{13.59999pt}.
(fancyhdr)                You might also make \topmargin smaller:
(fancyhdr)                \addtolength{\topmargin}{-1.59999pt}.

[19 <./figures/21_total_economic_value.png>]


Package fancyhdr Warning: \headheight is too small (12.0pt): 
(fancyhdr)                Make it at least 13.59999pt, for example:
(fancyhdr)                \setlength{\headheight}{13.59999pt}.
(fancyhdr)                You might also make \topmargin smaller:
(fancyhdr)                \addtolength{\topmargin}{-1.59999pt}.

[20]


Package fancyhdr Warning: \headheight is too small (12.0pt): 
(fancyhdr)                Make it at least 13.59999pt, for example:
(fancyhdr)                \setlength{\headheight}{13.59999pt}.
(fancyhdr)                You might also make \topmargin smaller:
(fancyhdr)                \addtolength{\topmargin}{-1.59999pt}.

[21]
<../Images/12.jpeg, id=431, 803.0pt x 1071.00125pt>
File: ../Images/12.jpeg Graphic file (type jpg)
<use ../Images/12.jpeg>
Package pdftex.def Info: ../Images/12.jpeg  used on input line 677.
(pdftex.def)             Requested size: 317.07614pt x 422.90195pt.



Package fancyhdr Warning: \headheight is too small (12.0pt): 
(fancyhdr)                Make it at least 13.59999pt, for example:
(fancyhdr)                \setlength{\headheight}{13.59999pt}.
(fancyhdr)                You might also make \topmargin smaller:
(fancyhdr)                \addtolength{\topmargin}{-1.59999pt}.

[22 <../Images/12.jpeg>]
Overfull \hbox (4.57166pt too wide) in paragraph at lines 695--696
[]\T1/cmr/m/n/12 RDL725 Course Ma-te-rial: \T1/cmr/m/it/12 Valu-ing the Environ
ment-Environmental Eval-u-a-tion Tech-
 []




Package fancyhdr Warning: \headheight is too small (12.0pt): 
(fancyhdr)                Make it at least 13.59999pt, for example:
(fancyhdr)                \setlength{\headheight}{13.59999pt}.
(fancyhdr)                You might also make \topmargin smaller:
(fancyhdr)                \addtolength{\topmargin}{-1.59999pt}.

[23] (./report.aux)
 ***********
LaTeX2e <2024-11-01> patch level 2
L3 programming layer <2025-01-18>
 ***********
Package rerunfilecheck Info: File `report.out' has not changed.
(rerunfilecheck)             Checksum: EADF74D88C493441590C681EF1ACBC1F;7149.
 ) 
Here is how much of TeX's memory you used:
 14123 strings out of 474662
 225825 string characters out of 5751108
 631828 words of memory out of 5000000
 36858 multiletter control sequences out of 15000+600000
 575213 words of font info for 70 fonts, out of 8000000 for 9000
 319 hyphenation exceptions out of 8191
 75i,12n,79p,1195b,578s stack positions out of 10000i,1000n,20000p,200000b,200000s
 </Users/yash/Library/texlive/2025basic/texmf-var/fonts/pk/ljfour/jknappen/ec
/ecrm0800.600pk> </Users/yash/Library/texlive/2025basic/texmf-var/fonts/pk/ljfo
ur/jknappen/ec/ecti1200.600pk> </Users/yash/Library/texlive/2025basic/texmf-var
/fonts/pk/ljfour/jknappen/ec/tcrm1200.600pk> </Users/yash/Library/texlive/2025b
asic/texmf-var/fonts/pk/ljfour/jknappen/ec/ecrm1095.600pk> </Users/yash/Library
/texlive/2025basic/texmf-var/fonts/pk/ljfour/jknappen/ec/ecbx1200.600pk> </User
s/yash/Library/texlive/2025basic/texmf-var/fonts/pk/ljfour/jknappen/ec/ecrm1200
.600pk> </Users/yash/Library/texlive/2025basic/texmf-var/fonts/pk/ljfour/jknapp
en/ec/ecbx1440.600pk> </Users/yash/Library/texlive/2025basic/texmf-var/fonts/pk
/ljfour/jknappen/ec/ecti1728.600pk> </Users/yash/Library/texlive/2025basic/texm
f-var/fonts/pk/ljfour/jknappen/ec/ecbx2488.600pk> </Users/yash/Library/texlive/
2025basic/texmf-var/fonts/pk/ljfour/jknappen/ec/ecbx2074.600pk> </Users/yash/Li
brary/texlive/2025basic/texmf-var/fonts/pk/ljfour/jknappen/ec/ecrm1440.600pk> <
/Users/yash/Library/texlive/2025basic/texmf-var/fonts/pk/ljfour/jknappen/ec/ecb
x1728.600pk></usr/local/texlive/2025basic/texmf-dist/fonts/type1/public/amsfont
s/cm/cmex10.pfb></usr/local/texlive/2025basic/texmf-dist/fonts/type1/public/ams
fonts/cm/cmmi12.pfb></usr/local/texlive/2025basic/texmf-dist/fonts/type1/public
/amsfonts/cm/cmr12.pfb></usr/local/texlive/2025basic/texmf-dist/fonts/type1/pub
lic/amsfonts/cm/cmr8.pfb></usr/local/texlive/2025basic/texmf-dist/fonts/type1/p
ublic/amsfonts/cm/cmsy10.pfb>
Output written on report.pdf (24 pages, 4459292 bytes).
PDF statistics:
 966 PDF objects out of 1000 (max. 8388607)
 436 compressed objects within 5 object streams
 121 named destinations out of 1000 (max. 500000)
 509 words of extra memory for PDF output out of 10000 (max. 10000000)

