\BOOKMARK [0][-]{part*.1}{\376\377\000P\000a\000r\000t\000\040\000I\000:\000\040\000U\000n\000d\000e\000r\000s\000t\000a\000n\000d\000i\000n\000g\000\040\000t\000h\000e\000\040\000B\000a\000s\000i\000c\000s}{}% 1
\BOOKMARK [1][-]{section.1}{\376\377\000W\000h\000a\000t\000\040\000I\000s\000\040\000T\000h\000i\000s\000\040\000P\000r\000o\000j\000e\000c\000t\000\040\000A\000b\000o\000u\000t\000?}{part*.1}% 2
\BOOKMARK [1][-]{section.2}{\376\377\000O\000u\000r\000\040\000M\000e\000t\000h\000o\000d\000:\000\040\000C\000V\000M\000\040\000\050\000C\000o\000n\000t\000i\000n\000g\000e\000n\000t\000\040\000V\000a\000l\000u\000a\000t\000i\000o\000n\000\040\000M\000e\000t\000h\000o\000d\000\051}{part*.1}% 3
\BOOKMARK [2][-]{subsection.2.1}{\376\377\000W\000h\000y\000\040\000C\000V\000M\000\040\000a\000n\000d\000\040\000n\000o\000t\000\040\000T\000C\000M\000?}{section.2}% 4
\BOOKMARK [1][-]{section.3}{\376\377\000T\000y\000p\000e\000s\000\040\000o\000f\000\040\000V\000a\000l\000u\000e\000\040\040\024\000\040\000W\000h\000y\000\040\000a\000\040\000P\000a\000r\000k\000\040\000i\000s\000\040\000W\000o\000r\000t\000h\000\040\000M\000o\000r\000e\000\040\000T\000h\000a\000n\000\040\000Y\000o\000u\000\040\000T\000h\000i\000n\000k}{part*.1}% 5
\BOOKMARK [2][-]{subsection.3.1}{\376\377\000U\000s\000e\000\040\000V\000a\000l\000u\000e\000\040\000\050\000y\000o\000u\000\040\000p\000e\000r\000s\000o\000n\000a\000l\000l\000y\000\040\000u\000s\000e\000\040\000t\000h\000e\000\040\000p\000a\000r\000k\000\051}{section.3}% 6
\BOOKMARK [2][-]{subsection.3.2}{\376\377\000N\000o\000n\000-\000U\000s\000e\000\040\000V\000a\000l\000u\000e\000\040\000\050\000y\000o\000u\000\040\000c\000a\000r\000e\000\040\000a\000b\000o\000u\000t\000\040\000t\000h\000e\000\040\000p\000a\000r\000k\000\040\000e\000v\000e\000n\000\040\000b\000e\000y\000o\000n\000d\000\040\000y\000o\000u\000r\000\040\000o\000w\000n\000\040\000v\000i\000s\000i\000t\000s\000\051}{section.3}% 7
\BOOKMARK [2][-]{subsection.3.3}{\376\377\000T\000o\000t\000a\000l\000\040\000E\000c\000o\000n\000o\000m\000i\000c\000\040\000V\000a\000l\000u\000e\000\040\000\050\000T\000E\000V\000\051}{section.3}% 8
\BOOKMARK [1][-]{section.4}{\376\377\000W\000h\000a\000t\000\040\000i\000s\000\040\000`\000`\000W\000i\000l\000l\000i\000n\000g\000n\000e\000s\000s\000\040\000t\000o\000\040\000P\000a\000y\000'\000'\000\040\000\050\000W\000T\000P\000\051\000?}{part*.1}% 9
\BOOKMARK [1][-]{section.5}{\376\377\000W\000h\000a\000t\000\040\000i\000s\000\040\000`\000`\000C\000o\000n\000s\000u\000m\000e\000r\000\040\000S\000u\000r\000p\000l\000u\000s\000'\000'\000?}{part*.1}% 10
\BOOKMARK [1][-]{section.6}{\376\377\000W\000h\000a\000t\000\040\000i\000s\000\040\000a\000\040\000`\000`\000P\000r\000o\000t\000e\000s\000t\000\040\000B\000i\000d\000'\000'\000?}{part*.1}% 11
\BOOKMARK [0][-]{part*.2}{\376\377\000P\000a\000r\000t\000\040\000I\000I\000:\000\040\000O\000u\000r\000\040\000D\000a\000t\000a\000\040\000a\000n\000d\000\040\000C\000a\000l\000c\000u\000l\000a\000t\000i\000o\000n\000s}{}% 12
\BOOKMARK [1][-]{section.7}{\376\377\000W\000h\000a\000t\000\040\000W\000e\000\040\000D\000i\000d}{part*.2}% 13
\BOOKMARK [1][-]{section.8}{\376\377\000W\000h\000o\000\040\000W\000e\000\040\000S\000u\000r\000v\000e\000y\000e\000d}{part*.2}% 14
\BOOKMARK [1][-]{section.9}{\376\377\000W\000h\000a\000t\000\040\000V\000i\000s\000i\000t\000o\000r\000s\000\040\000V\000a\000l\000u\000e\000\040\000M\000o\000s\000t}{part*.2}% 15
\BOOKMARK [1][-]{section.10}{\376\377\000E\000c\000o\000l\000o\000g\000i\000c\000a\000l\000\040\000C\000o\000n\000d\000i\000t\000i\000o\000n\000\040\000R\000a\000t\000i\000n\000g}{part*.2}% 16
\BOOKMARK [1][-]{section.11}{\376\377\000T\000h\000e\000\040\000B\000i\000g\000\040\000C\000a\000l\000c\000u\000l\000a\000t\000i\000o\000n\000:\000\040\000C\000V\000M\000\040\000W\000i\000l\000l\000i\000n\000g\000n\000e\000s\000s\000\040\000t\000o\000\040\000P\000a\000y}{part*.2}% 17
\BOOKMARK [2][-]{subsection.11.1}{\376\377\000S\000t\000e\000p\000\040\0001\000:\000\040\000D\000i\000d\000\040\000p\000e\000o\000p\000l\000e\000\040\000s\000a\000y\000\040\000Y\000e\000s\000\040\000o\000r\000\040\000N\000o\000?}{section.11}% 18
\BOOKMARK [2][-]{subsection.11.2}{\376\377\000S\000t\000e\000p\000\040\0002\000:\000\040\000H\000o\000w\000\040\000m\000u\000c\000h\000\040\000d\000i\000d\000\040\000t\000h\000e\000\040\000w\000i\000l\000l\000i\000n\000g\000\040\000p\000e\000o\000p\000l\000e\000\040\000c\000h\000o\000o\000s\000e\000?}{section.11}% 19
\BOOKMARK [2][-]{subsection.11.3}{\376\377\000S\000t\000e\000p\000\040\0003\000:\000\040\000C\000a\000l\000c\000u\000l\000a\000t\000e\000\040\000T\000o\000t\000a\000l\000\040\000W\000T\000P\000\040\000\050\000t\000i\000c\000k\000e\000t\000\040\000+\000\040\000e\000x\000t\000r\000a\000\051}{section.11}% 20
\BOOKMARK [2][-]{subsection.11.4}{\376\377\000S\000t\000e\000p\000\040\0004\000:\000\040\000S\000c\000a\000l\000e\000\040\000u\000p\000\040\000t\000o\000\040\000t\000h\000e\000\040\000w\000h\000o\000l\000e\000\040\000p\000a\000r\000k}{section.11}% 21
\BOOKMARK [1][-]{section.12}{\376\377\000P\000r\000o\000t\000e\000s\000t\000\040\000B\000i\000d\000\040\000A\000n\000a\000l\000y\000s\000i\000s}{part*.2}% 22
\BOOKMARK [1][-]{section.13}{\376\377\000N\000o\000n\000-\000U\000s\000e\000\040\000V\000a\000l\000u\000e\000s}{part*.2}% 23
\BOOKMARK [2][-]{subsection.13.1}{\376\377\000B\000e\000q\000u\000e\000s\000t\000\040\000V\000a\000l\000u\000e\000\040\000\050\000p\000r\000e\000s\000e\000r\000v\000i\000n\000g\000\040\000f\000o\000r\000\040\000f\000u\000t\000u\000r\000e\000\040\000g\000e\000n\000e\000r\000a\000t\000i\000o\000n\000s\000\051}{section.13}% 24
\BOOKMARK [2][-]{subsection.13.2}{\376\377\000E\000x\000i\000s\000t\000e\000n\000c\000e\000\040\000V\000a\000l\000u\000e\000\040\000\050\000c\000a\000r\000i\000n\000g\000\040\000e\000v\000e\000n\000\040\000w\000i\000t\000h\000o\000u\000t\000\040\000v\000i\000s\000i\000t\000i\000n\000g\000\051}{section.13}% 25
\BOOKMARK [1][-]{section.14}{\376\377\000N\000o\000n\000-\000U\000s\000e\000\040\000V\000a\000l\000u\000e\000\040\000E\000v\000i\000d\000e\000n\000c\000e}{part*.2}% 26
\BOOKMARK [1][-]{section.15}{\376\377\000F\000i\000n\000a\000l\000\040\000A\000n\000s\000w\000e\000r\000:\000\040\000T\000o\000t\000a\000l\000\040\000E\000c\000o\000n\000o\000m\000i\000c\000\040\000V\000a\000l\000u\000e\000\040\000f\000r\000o\000m\000\040\000C\000V\000M}{part*.2}% 27
\BOOKMARK [1][-]{section.16}{\376\377\000C\000r\000o\000s\000s\000-\000T\000a\000b\000u\000l\000a\000t\000i\000o\000n\000s\000:\000\040\000W\000h\000o\000\040\000I\000s\000\040\000W\000i\000l\000l\000i\000n\000g\000\040\000t\000o\000\040\000P\000a\000y\000?}{part*.2}% 28
\BOOKMARK [0][-]{part*.3}{\376\377\000P\000a\000r\000t\000\040\000I\000I\000I\000:\000\040\000S\000l\000i\000d\000e\000-\000b\000y\000-\000S\000l\000i\000d\000e\000\040\000S\000c\000r\000i\000p\000t}{}% 29
\BOOKMARK [1][-]{subsection.16.1}{\376\377\000S\000l\000i\000d\000e\000\040\0001\000:\000\040\000T\000i\000t\000l\000e\000\040\000P\000a\000g\000e\000\040\000\050\0005\040\023\0001\0000\000\040\000s\000e\000c\000\051}{part*.3}% 30
\BOOKMARK [2][-]{subsection.16.2}{\376\377\000S\000l\000i\000d\000e\000\040\0002\000:\000\040\000R\000o\000a\000d\000m\000a\000p\000\040\000\050\0001\0005\040\023\0002\0000\000\040\000s\000e\000c\000\051}{subsection.16.1}% 31
\BOOKMARK [2][-]{subsection.16.3}{\376\377\000S\000l\000i\000d\000e\000\040\0003\000:\000\040\000W\000h\000y\000\040\000S\000u\000n\000d\000e\000r\000\040\000N\000u\000r\000s\000e\000r\000y\000?\000\040\000\050\0004\0005\040\023\0006\0000\000\040\000s\000e\000c\000\051}{subsection.16.1}% 32
\BOOKMARK [2][-]{subsection.16.4}{\376\377\000S\000l\000i\000d\000e\000\040\0004\000:\000\040\000S\000i\000t\000e\000\040\000B\000a\000c\000k\000g\000r\000o\000u\000n\000d\000\040\000\050\0004\0005\040\023\0006\0000\000\040\000s\000e\000c\000\051}{subsection.16.1}% 33
\BOOKMARK [2][-]{subsection.16.5}{\376\377\000S\000l\000i\000d\000e\000\040\0005\000:\000\040\000H\000o\000w\000\040\000W\000e\000\040\000E\000v\000a\000l\000u\000a\000t\000e\000d\000\040\040\024\000\040\000C\000V\000M\000\040\000\050\0006\0000\040\023\0007\0005\000\040\000s\000e\000c\000\051}{subsection.16.1}% 34
\BOOKMARK [2][-]{subsection.16.6}{\376\377\000S\000l\000i\000d\000e\000\040\0006\000:\000\040\000W\000h\000y\000\040\000C\000V\000M\000\040\000O\000v\000e\000r\000\040\000O\000t\000h\000e\000r\000\040\000M\000e\000t\000h\000o\000d\000s\000?\000\040\000\050\0003\0000\040\023\0004\0000\000\040\000s\000e\000c\000\051}{subsection.16.1}% 35
\BOOKMARK [2][-]{subsection.16.7}{\376\377\000S\000l\000i\000d\000e\000\040\0007\000:\000\040\000S\000u\000r\000v\000e\000y\000\040\000D\000e\000s\000i\000g\000n\000\040\000\050\0004\0005\040\023\0006\0000\000\040\000s\000e\000c\000\051}{subsection.16.1}% 36
\BOOKMARK [2][-]{subsection.16.8}{\376\377\000S\000l\000i\000d\000e\000\040\0008\000:\000\040\000Q\000R\000\040\000C\000o\000d\000e\000\040\000/\000\040\000S\000u\000r\000v\000e\000y\000\040\000F\000o\000r\000m\000\040\000\050\0001\0000\040\023\0001\0005\000\040\000s\000e\000c\000\051}{subsection.16.1}% 37
\BOOKMARK [2][-]{subsection.16.9}{\376\377\000S\000l\000i\000d\000e\000\040\0009\000:\000\040\000D\000e\000m\000o\000g\000r\000a\000p\000h\000i\000c\000s\000\040\000\050\0002\0005\040\023\0003\0000\000\040\000s\000e\000c\000\051}{subsection.16.1}% 38
\BOOKMARK [2][-]{subsection.16.10}{\376\377\000S\000l\000i\000d\000e\000\040\0001\0000\000:\000\040\000W\000h\000a\000t\000\040\000V\000i\000s\000i\000t\000o\000r\000s\000\040\000V\000a\000l\000u\000e\000\040\000\050\0003\0000\040\023\0004\0000\000\040\000s\000e\000c\000\051}{subsection.16.1}% 39
\BOOKMARK [2][-]{subsection.16.11}{\376\377\000S\000l\000i\000d\000e\000\040\0001\0001\000:\000\040\000E\000c\000o\000l\000o\000g\000i\000c\000a\000l\000\040\000C\000o\000n\000d\000i\000t\000i\000o\000n\000\040\000\050\0002\0000\040\023\0002\0005\000\040\000s\000e\000c\000\051}{subsection.16.1}% 40
\BOOKMARK [2][-]{subsection.16.12}{\376\377\000S\000l\000i\000d\000e\000\040\0001\0002\000:\000\040\000C\000V\000M\000\040\000R\000e\000s\000u\000l\000t\000\040\0001\000\040\040\024\000\040\000W\000T\000P\000\040\000[\000K\000E\000Y\000\040\000S\000L\000I\000D\000E\000\040\040\024\000\040\0007\0005\040\023\0009\0000\000\040\000s\000e\000c\000]}{subsection.16.1}% 41
\BOOKMARK [2][-]{subsection.16.13}{\376\377\000S\000l\000i\000d\000e\000\040\0001\0003\000:\000\040\000W\000T\000P\000\040\000D\000i\000s\000t\000r\000i\000b\000u\000t\000i\000o\000n\000\040\000\046\000\040\000P\000r\000o\000t\000e\000s\000t\000\040\000B\000i\000d\000s\000\040\000\050\0004\0005\040\023\0006\0000\000\040\000s\000e\000c\000\051}{subsection.16.1}% 42
\BOOKMARK [2][-]{subsection.16.14}{\376\377\000S\000l\000i\000d\000e\000\040\0001\0004\000:\000\040\000N\000o\000n\000-\000U\000s\000e\000\040\000V\000a\000l\000u\000e\000s\000\040\000\050\0003\0005\040\023\0004\0005\000\040\000s\000e\000c\000\051}{subsection.16.1}% 43
\BOOKMARK [2][-]{subsection.16.15}{\376\377\000S\000l\000i\000d\000e\000\040\0001\0005\000:\000\040\000C\000r\000o\000s\000s\000-\000T\000a\000b\000u\000l\000a\000t\000i\000o\000n\000s\000\040\000\050\0003\0005\040\023\0004\0005\000\040\000s\000e\000c\000\051}{subsection.16.1}% 44
\BOOKMARK [2][-]{subsection.16.16}{\376\377\000S\000l\000i\000d\000e\000\040\0001\0006\000:\000\040\000T\000o\000t\000a\000l\000\040\000E\000c\000o\000n\000o\000m\000i\000c\000\040\000V\000a\000l\000u\000e\000\040\000[\000K\000E\000Y\000\040\000S\000L\000I\000D\000E\000\040\040\024\000\040\0005\0000\040\023\0007\0000\000\040\000s\000e\000c\000]}{subsection.16.1}% 45
\BOOKMARK [2][-]{subsection.16.17}{\376\377\000S\000l\000i\000d\000e\000\040\0001\0007\000:\000\040\000D\000i\000s\000c\000u\000s\000s\000i\000o\000n\000\040\000\046\000\040\000L\000i\000m\000i\000t\000a\000t\000i\000o\000n\000s\000\040\000\050\0003\0005\040\023\0004\0005\000\040\000s\000e\000c\000\051}{subsection.16.1}% 46
\BOOKMARK [2][-]{subsection.16.18}{\376\377\000S\000l\000i\000d\000e\000\040\0001\0008\000:\000\040\000C\000o\000n\000c\000l\000u\000s\000i\000o\000n\000\040\000\050\0002\0005\040\023\0003\0000\000\040\000s\000e\000c\000\051}{subsection.16.1}% 47
\BOOKMARK [2][-]{subsection.16.19}{\376\377\000S\000l\000i\000d\000e\000\040\0001\0009\000:\000\040\000R\000e\000f\000e\000r\000e\000n\000c\000e\000s\000\040\000\050\0005\000\040\000s\000e\000c\000\051}{subsection.16.1}% 48
\BOOKMARK [2][-]{subsection.16.20}{\376\377\000S\000l\000i\000d\000e\000\040\0002\0000\000:\000\040\000F\000i\000e\000l\000d\000\040\000V\000i\000s\000i\000t\000\040\000P\000r\000o\000o\000f\000\040\000\050\0001\0000\040\023\0001\0005\000\040\000s\000e\000c\000\051}{subsection.16.1}% 49
\BOOKMARK [0][-]{part*.4}{\376\377\000P\000a\000r\000t\000\040\000I\000V\000:\000\040\000E\000v\000e\000r\000y\000\040\000Q\000u\000e\000s\000t\000i\000o\000n\000\040\000t\000h\000e\000\040\000P\000r\000o\000f\000\040\000C\000o\000u\000l\000d\000\040\000A\000s\000k}{}% 50
\BOOKMARK [1][-]{subsection.16.21}{\376\377\000B\000a\000s\000i\000c\000\040\000C\000o\000n\000c\000e\000p\000t\000u\000a\000l\000\040\000Q\000u\000e\000s\000t\000i\000o\000n\000s}{part*.4}% 51
\BOOKMARK [2][-]{subsection.16.22}{\376\377\000Q\000u\000e\000s\000t\000i\000o\000n\000s\000\040\000A\000b\000o\000u\000t\000\040\000O\000u\000r\000\040\000S\000p\000e\000c\000i\000f\000i\000c\000\040\000S\000t\000u\000d\000y}{subsection.16.21}% 52
\BOOKMARK [2][-]{subsection.16.23}{\376\377\000D\000e\000e\000p\000\040\000C\000o\000n\000c\000e\000p\000t\000u\000a\000l\000\040\000Q\000u\000e\000s\000t\000i\000o\000n\000s}{subsection.16.21}% 53
\BOOKMARK [0][-]{part*.5}{\376\377\000P\000a\000r\000t\000\040\000V\000:\000\040\000T\000i\000m\000i\000n\000g\000\040\000G\000u\000i\000d\000e}{}% 54
\BOOKMARK [0][-]{part*.6}{\376\377\000P\000a\000r\000t\000\040\000V\000I\000:\000\040\000O\000n\000e\000-\000P\000a\000g\000e\000\040\000C\000h\000e\000a\000t\000\040\000S\000h\000e\000e\000t}{}% 55
